<?xml version="1.0" encoding="UTF-8"?>
<!-- Generated by org.testng.reporters.JUnitReportReporter -->
<testsuite hostname="DESKTOP-OVMT1C2" failures="0" tests="1" name="restAPI.PostRequestWithJsonObject" time="10.800" errors="0" timestamp="28 May 2022 06:50:57 GMT" skipped="0">
  <testcase classname="restAPI.PostRequestWithJsonObject" name="test1" time="10.800"/>
</testsuite> <!-- restAPI.PostRequestWithJsonObject -->
