<?xml version="1.0" encoding="UTF-8"?>
<!-- Generated by org.testng.reporters.JUnitReportReporter -->
<testsuite hostname="DESKTOP-OVMT1C2" failures="0" tests="1" name="apiChaining.EndToEndTest" time="9.720" errors="0" timestamp="29 May 2022 06:40:43 GMT" skipped="0">
  <testcase classname="apiChaining.EndToEndTest" name="test1" time="9.720"/>
</testsuite> <!-- apiChaining.EndToEndTest -->
