<?xml version="1.0" encoding="UTF-8"?>
<!-- Generated by org.testng.reporters.JUnitReportReporter -->
<testsuite hostname="DESKTOP-OVMT1C2" failures="0" tests="1" name="restBDD.DeleteRequestBDD" time="11.954" errors="0" timestamp="04 Jun 2022 05:16:44 GMT" skipped="0">
  <testcase classname="restBDD.DeleteRequestBDD" name="test1" time="11.954"/>
</testsuite> <!-- restBDD.DeleteRequestBDD -->
