<?xml version="1.0" encoding="UTF-8"?>
<!-- Generated by org.testng.reporters.JUnitReportReporter -->
<testsuite hostname="DESKTOP-OVMT1C2" failures="0" tests="4" name="gitHub.EndToEndTest" time="16.683" errors="0" timestamp="29 May 2022 07:48:43 GMT" skipped="0">
  <testcase classname="gitHub.EndToEndTest" name="test1" time="11.402"/>
  <testcase classname="gitHub.EndToEndTest" name="test3" time="2.556"/>
  <testcase classname="gitHub.EndToEndTest" name="test2" time="1.850"/>
  <testcase classname="gitHub.EndToEndTest" name="test4" time="0.875"/>
</testsuite> <!-- gitHub.EndToEndTest -->
