<?xml version="1.0" encoding="UTF-8"?>
<!-- Generated by org.testng.reporters.JUnitReportReporter -->
<testsuite hostname="DESKTOP-OVMT1C2" failures="0" tests="1" name="restAPI.PostRequestWithFile" time="10.223" errors="0" timestamp="28 May 2022 07:14:02 GMT" skipped="0">
  <testcase classname="restAPI.PostRequestWithFile" name="test1" time="10.223"/>
</testsuite> <!-- restAPI.PostRequestWithFile -->
