<?xml version="1.0" encoding="UTF-8"?>
<!-- Generated by org.testng.reporters.JUnitReportReporter -->
<testsuite hostname="DESKTOP-OVMT1C2" failures="0" tests="1" name="restAPI.PutRequest" time="7.961" errors="0" timestamp="29 May 2022 03:53:13 GMT" skipped="0">
  <testcase classname="restAPI.PutRequest" name="test1" time="7.961"/>
</testsuite> <!-- restAPI.PutRequest -->
