<?xml version="1.0" encoding="UTF-8"?>
<!-- Generated by org.testng.reporters.JUnitReportReporter -->
<testsuite hostname="DESKTOP-OVMT1C2" failures="0" tests="1" name="restBDD.PutRequestBDD" time="10.435" errors="0" timestamp="04 Jun 2022 05:11:17 GMT" skipped="0">
  <testcase classname="restBDD.PutRequestBDD" name="test1" time="10.435"/>
</testsuite> <!-- restBDD.PutRequestBDD -->
