<?xml version="1.0" encoding="UTF-8"?>
<!-- Generated by org.testng.reporters.JUnitReportReporter -->
<testsuite hostname="DESKTOP-OVMT1C2" failures="0" tests="1" name="restAPI.GetRequest" time="10.833" errors="0" timestamp="29 May 2022 04:02:07 GMT" skipped="0">
  <testcase classname="restAPI.GetRequest" name="test1" time="10.833"/>
</testsuite> <!-- restAPI.GetRequest -->
