<?xml version="1.0" encoding="UTF-8"?>
<!-- Generated by org.testng.reporters.JUnitReportReporter -->
<testsuite hostname="DESKTOP-OVMT1C2" failures="0" tests="1" name="restAPI.GetRequestWithParams" time="8.375" errors="0" timestamp="28 May 2022 05:23:56 GMT" skipped="0">
  <testcase classname="restAPI.GetRequestWithParams" name="test1" time="8.375"/>
</testsuite> <!-- restAPI.GetRequestWithParams -->
