<?xml version="1.0" encoding="UTF-8"?>
<!-- Generated by org.testng.reporters.JUnitReportReporter -->
<testsuite hostname="DESKTOP-OVMT1C2" failures="0" tests="1" name="restAPI.DeleteRequest" time="7.496" errors="0" timestamp="29 May 2022 04:01:38 GMT" skipped="0">
  <testcase classname="restAPI.DeleteRequest" name="test1" time="7.496"/>
</testsuite> <!-- restAPI.DeleteRequest -->
