<?xml version="1.0" encoding="UTF-8"?>
<!-- Generated by org.testng.reporters.JUnitReportReporter -->
<testsuite hostname="DESKTOP-OVMT1C2" failures="0" tests="1" name="restAPI.PostRequest" time="10.767" errors="0" timestamp="28 May 2022 06:40:25 GMT" skipped="0">
  <testcase classname="restAPI.PostRequest" name="test1" time="10.767"/>
</testsuite> <!-- restAPI.PostRequest -->
