<?xml version="1.0" encoding="UTF-8"?>
<!-- Generated by org.testng.reporters.JUnitReportReporter -->
<testsuite hostname="DESKTOP-OVMT1C2" failures="0" tests="1" name="restAPIXML.XMLTest" time="10.151" errors="0" timestamp="04 Jun 2022 06:37:56 GMT" skipped="0">
  <testcase classname="restAPIXML.XMLTest" name="test2" time="10.151"/>
</testsuite> <!-- restAPIXML.XMLTest -->
