<?xml version="1.0" encoding="UTF-8"?>
<!-- Generated by org.testng.reporters.JUnitReportReporter -->
<testsuite hostname="DESKTOP-OVMT1C2" failures="0" tests="1" name="restBDD.GetRequestBDD" time="9.940" errors="0" timestamp="04 Jun 2022 05:30:12 GMT" skipped="0">
  <testcase classname="restBDD.GetRequestBDD" name="test2" time="9.940"/>
</testsuite> <!-- restBDD.GetRequestBDD -->
