<?xml version="1.0" encoding="UTF-8"?>
<!-- Generated by org.testng.reporters.JUnitReportReporter -->
<testsuite hostname="DESKTOP-OVMT1C2" failures="0" tests="1" name="restBDD.PostRequestBDD" time="7.539" errors="0" timestamp="04 Jun 2022 04:56:59 GMT" skipped="0">
  <testcase classname="restBDD.PostRequestBDD" name="test1" time="7.539"/>
</testsuite> <!-- restBDD.PostRequestBDD -->
