<?xml version="1.0" encoding="UTF-8"?>
<!-- Generated by org.testng.reporters.JUnitReportReporter -->
<testsuite skipped="0" hostname="DESKTOP-OVMT1C2" name="apiChaining.EndToEndTest" tests="1" failures="0" timestamp="29 May 2022 06:34:06 GMT" time="11.187" errors="0">
  <testcase name="test1" time="11.187" classname="apiChaining.EndToEndTest"/>
</testsuite> <!-- apiChaining.EndToEndTest -->
